{
  "RSpec": {
    "coverage": {
      "/home/kuter/workspace/codebreaker-web2/autoload.rb": [
        null,
        1,
        1,
        1,
        1
      ],
      "/home/kuter/workspace/codebreaker-web2/lib/locale/localization.rb": [
        1,
        1
      ],
      "/home/kuter/workspace/codebreaker-web2/lib/racker.rb": [
        1,
        1,
        null,
        1,
        null,
        1,
        1,
        14,
        null,
        null,
        1,
        14,
        14,
        null,
        null,
        1,
        14,
        3,
        null,
        2,
        1,
        0,
        3,
        1,
        1,
        1,
        null,
        2,
        null,
        null,
        null,
        1,
        3,
        3,
        3,
        null,
        null,
        1,
        3,
        null,
        null,
        1,
        1,
        1,
        1,
        1,
        1,
        1,
        1,
        1,
        1,
        null,
        null,
        1,
        3,
        null,
        null,
        1,
        2,
        2,
        2,
        null,
        null,
        null,
        1,
        1,
        1,
        null,
        null,
        null,
        1,
        1,
        1,
        null,
        1,
        0,
        0,
        null,
        null,
        1,
        0,
        0,
        0,
        0,
        null,
        null,
        1,
        12,
        null,
        12,
        null,
        null,
        1,
        0,
        null,
        null,
        null
      ],
      "/home/kuter/workspace/codebreaker-web2/spec/racker_spec.rb": [
        null,
        null,
        1,
        15,
        4,
        null,
        1,
        3,
        null,
        2,
        2,
        null,
        null,
        1,
        3,
        null,
        2,
        2,
        null,
        null,
        1,
        4,
        null,
        2,
        2,
        2,
        null,
        null,
        1,
        1,
        1,
        1,
        1,
        1,
        1,
        null,
        null,
        null,
        1,
        1,
        1,
        1,
        1,
        1,
        1,
        1,
        null,
        null,
        null,
        1,
        4,
        null,
        2,
        2,
        2,
        null,
        null,
        1,
        1,
        1,
        1,
        1,
        1,
        1,
        1,
        1,
        null,
        null,
        null,
        1,
        1,
        1,
        1,
        1,
        1,
        1,
        1,
        1,
        null,
        null,
        null
      ]
    },
    "timestamp": 1549824464
  }
}
